  Animations.cpp
c:\users\admin\desktop\games-repo\games\sfmlgame\sfmlgame\animations.cpp(26): warning C4244: '=': conversion from 'float' to 'T', possible loss of data
          with
          [
              T=int
          ]
c:\users\admin\desktop\games-repo\games\sfmlgame\sfmlgame\animations.cpp(27): warning C4244: '=': conversion from 'float' to 'T', possible loss of data
          with
          [
              T=int
          ]
  Character.cpp
  DataManager.cpp
  DisplayWindow.cpp
c:\users\admin\desktop\games-repo\games\sfmlgame\sfmlgame\displaywindow.cpp(3): warning C4244: 'argument': conversion from 'float' to 'unsigned int', possible loss of data
  Game.cpp
  main.cpp
  Map.cpp
  MapElement.cpp
  Menu.cpp
  Skills.cpp
  Statistics.cpp
sfml-graphics-s-d.lib(Transformable.cpp.obj) : error LNK2038: mismatch detected for '_ITERATOR_DEBUG_LEVEL': value '2' doesn't match value '0' in Animations.obj
sfml-graphics-s-d.lib(Transformable.cpp.obj) : error LNK2038: mismatch detected for 'RuntimeLibrary': value 'MDd_DynamicDebug' doesn't match value 'MD_DynamicRelease' in Animations.obj
sfml-graphics-s-d.lib(Texture.cpp.obj) : error LNK2038: mismatch detected for '_ITERATOR_DEBUG_LEVEL': value '2' doesn't match value '0' in Animations.obj
sfml-graphics-s-d.lib(Texture.cpp.obj) : error LNK2038: mismatch detected for 'RuntimeLibrary': value 'MDd_DynamicDebug' doesn't match value 'MD_DynamicRelease' in Animations.obj
sfml-graphics-s-d.lib(Sprite.cpp.obj) : error LNK2038: mismatch detected for '_ITERATOR_DEBUG_LEVEL': value '2' doesn't match value '0' in Animations.obj
sfml-graphics-s-d.lib(Sprite.cpp.obj) : error LNK2038: mismatch detected for 'RuntimeLibrary': value 'MDd_DynamicDebug' doesn't match value 'MD_DynamicRelease' in Animations.obj
sfml-graphics-s-d.lib(View.cpp.obj) : error LNK2038: mismatch detected for '_ITERATOR_DEBUG_LEVEL': value '2' doesn't match value '0' in Animations.obj
sfml-graphics-s-d.lib(View.cpp.obj) : error LNK2038: mismatch detected for 'RuntimeLibrary': value 'MDd_DynamicDebug' doesn't match value 'MD_DynamicRelease' in Animations.obj
sfml-graphics-s-d.lib(RenderWindow.cpp.obj) : error LNK2038: mismatch detected for '_ITERATOR_DEBUG_LEVEL': value '2' doesn't match value '0' in Animations.obj
sfml-graphics-s-d.lib(RenderWindow.cpp.obj) : error LNK2038: mismatch detected for 'RuntimeLibrary': value 'MDd_DynamicDebug' doesn't match value 'MD_DynamicRelease' in Animations.obj
sfml-graphics-s-d.lib(RenderTarget.cpp.obj) : error LNK2038: mismatch detected for '_ITERATOR_DEBUG_LEVEL': value '2' doesn't match value '0' in Animations.obj
sfml-graphics-s-d.lib(RenderTarget.cpp.obj) : error LNK2038: mismatch detected for 'RuntimeLibrary': value 'MDd_DynamicDebug' doesn't match value 'MD_DynamicRelease' in Animations.obj
sfml-graphics-s-d.lib(RenderStates.cpp.obj) : error LNK2038: mismatch detected for '_ITERATOR_DEBUG_LEVEL': value '2' doesn't match value '0' in Animations.obj
sfml-graphics-s-d.lib(RenderStates.cpp.obj) : error LNK2038: mismatch detected for 'RuntimeLibrary': value 'MDd_DynamicDebug' doesn't match value 'MD_DynamicRelease' in Animations.obj
sfml-graphics-s-d.lib(Color.cpp.obj) : error LNK2038: mismatch detected for '_ITERATOR_DEBUG_LEVEL': value '2' doesn't match value '0' in Animations.obj
sfml-graphics-s-d.lib(Color.cpp.obj) : error LNK2038: mismatch detected for 'RuntimeLibrary': value 'MDd_DynamicDebug' doesn't match value 'MD_DynamicRelease' in Animations.obj
sfml-graphics-s-d.lib(Transform.cpp.obj) : error LNK2038: mismatch detected for '_ITERATOR_DEBUG_LEVEL': value '2' doesn't match value '0' in Animations.obj
sfml-graphics-s-d.lib(Transform.cpp.obj) : error LNK2038: mismatch detected for 'RuntimeLibrary': value 'MDd_DynamicDebug' doesn't match value 'MD_DynamicRelease' in Animations.obj
sfml-graphics-s-d.lib(Image.cpp.obj) : error LNK2038: mismatch detected for '_ITERATOR_DEBUG_LEVEL': value '2' doesn't match value '0' in Animations.obj
sfml-graphics-s-d.lib(Image.cpp.obj) : error LNK2038: mismatch detected for 'RuntimeLibrary': value 'MDd_DynamicDebug' doesn't match value 'MD_DynamicRelease' in Animations.obj
sfml-graphics-s-d.lib(GLExtensions.cpp.obj) : error LNK2038: mismatch detected for '_ITERATOR_DEBUG_LEVEL': value '2' doesn't match value '0' in Animations.obj
sfml-graphics-s-d.lib(GLExtensions.cpp.obj) : error LNK2038: mismatch detected for 'RuntimeLibrary': value 'MDd_DynamicDebug' doesn't match value 'MD_DynamicRelease' in Animations.obj
sfml-graphics-s-d.lib(GLCheck.cpp.obj) : error LNK2038: mismatch detected for '_ITERATOR_DEBUG_LEVEL': value '2' doesn't match value '0' in Animations.obj
sfml-graphics-s-d.lib(GLCheck.cpp.obj) : error LNK2038: mismatch detected for 'RuntimeLibrary': value 'MDd_DynamicDebug' doesn't match value 'MD_DynamicRelease' in Animations.obj
sfml-graphics-s-d.lib(RenderTextureImplFBO.cpp.obj) : error LNK2038: mismatch detected for '_ITERATOR_DEBUG_LEVEL': value '2' doesn't match value '0' in Animations.obj
sfml-graphics-s-d.lib(RenderTextureImplFBO.cpp.obj) : error LNK2038: mismatch detected for 'RuntimeLibrary': value 'MDd_DynamicDebug' doesn't match value 'MD_DynamicRelease' in Animations.obj
sfml-graphics-s-d.lib(Shader.cpp.obj) : error LNK2038: mismatch detected for '_ITERATOR_DEBUG_LEVEL': value '2' doesn't match value '0' in Animations.obj
sfml-graphics-s-d.lib(Shader.cpp.obj) : error LNK2038: mismatch detected for 'RuntimeLibrary': value 'MDd_DynamicDebug' doesn't match value 'MD_DynamicRelease' in Animations.obj
sfml-graphics-s-d.lib(VertexBuffer.cpp.obj) : error LNK2038: mismatch detected for '_ITERATOR_DEBUG_LEVEL': value '2' doesn't match value '0' in Animations.obj
sfml-graphics-s-d.lib(VertexBuffer.cpp.obj) : error LNK2038: mismatch detected for 'RuntimeLibrary': value 'MDd_DynamicDebug' doesn't match value 'MD_DynamicRelease' in Animations.obj
sfml-graphics-s-d.lib(ImageLoader.cpp.obj) : error LNK2038: mismatch detected for '_ITERATOR_DEBUG_LEVEL': value '2' doesn't match value '0' in Animations.obj
sfml-graphics-s-d.lib(ImageLoader.cpp.obj) : error LNK2038: mismatch detected for 'RuntimeLibrary': value 'MDd_DynamicDebug' doesn't match value 'MD_DynamicRelease' in Animations.obj
sfml-graphics-s-d.lib(Glsl.cpp.obj) : error LNK2038: mismatch detected for '_ITERATOR_DEBUG_LEVEL': value '2' doesn't match value '0' in Animations.obj
sfml-graphics-s-d.lib(Glsl.cpp.obj) : error LNK2038: mismatch detected for 'RuntimeLibrary': value 'MDd_DynamicDebug' doesn't match value 'MD_DynamicRelease' in Animations.obj
sfml-window-s-d.lib(Window.cpp.obj) : error LNK2038: mismatch detected for '_ITERATOR_DEBUG_LEVEL': value '2' doesn't match value '0' in Animations.obj
sfml-window-s-d.lib(Window.cpp.obj) : error LNK2038: mismatch detected for 'RuntimeLibrary': value 'MDd_DynamicDebug' doesn't match value 'MD_DynamicRelease' in Animations.obj
sfml-window-s-d.lib(VideoMode.cpp.obj) : error LNK2038: mismatch detected for '_ITERATOR_DEBUG_LEVEL': value '2' doesn't match value '0' in Animations.obj
sfml-window-s-d.lib(VideoMode.cpp.obj) : error LNK2038: mismatch detected for 'RuntimeLibrary': value 'MDd_DynamicDebug' doesn't match value 'MD_DynamicRelease' in Animations.obj
sfml-window-s-d.lib(InputImpl.cpp.obj) : error LNK2038: mismatch detected for '_ITERATOR_DEBUG_LEVEL': value '2' doesn't match value '0' in Animations.obj
sfml-window-s-d.lib(InputImpl.cpp.obj) : error LNK2038: mismatch detected for 'RuntimeLibrary': value 'MDd_DynamicDebug' doesn't match value 'MD_DynamicRelease' in Animations.obj
sfml-window-s-d.lib(GlContext.cpp.obj) : error LNK2038: mismatch detected for '_ITERATOR_DEBUG_LEVEL': value '2' doesn't match value '0' in Animations.obj
sfml-window-s-d.lib(GlContext.cpp.obj) : error LNK2038: mismatch detected for 'RuntimeLibrary': value 'MDd_DynamicDebug' doesn't match value 'MD_DynamicRelease' in Animations.obj
sfml-window-s-d.lib(WindowImpl.cpp.obj) : error LNK2038: mismatch detected for '_ITERATOR_DEBUG_LEVEL': value '2' doesn't match value '0' in Animations.obj
sfml-window-s-d.lib(WindowImpl.cpp.obj) : error LNK2038: mismatch detected for 'RuntimeLibrary': value 'MDd_DynamicDebug' doesn't match value 'MD_DynamicRelease' in Animations.obj
sfml-window-s-d.lib(VideoModeImpl.cpp.obj) : error LNK2038: mismatch detected for '_ITERATOR_DEBUG_LEVEL': value '2' doesn't match value '0' in Animations.obj
sfml-window-s-d.lib(VideoModeImpl.cpp.obj) : error LNK2038: mismatch detected for 'RuntimeLibrary': value 'MDd_DynamicDebug' doesn't match value 'MD_DynamicRelease' in Animations.obj
sfml-window-s-d.lib(CursorImpl.cpp.obj) : error LNK2038: mismatch detected for '_ITERATOR_DEBUG_LEVEL': value '2' doesn't match value '0' in Animations.obj
sfml-window-s-d.lib(CursorImpl.cpp.obj) : error LNK2038: mismatch detected for 'RuntimeLibrary': value 'MDd_DynamicDebug' doesn't match value 'MD_DynamicRelease' in Animations.obj
sfml-window-s-d.lib(WglContext.cpp.obj) : error LNK2038: mismatch detected for '_ITERATOR_DEBUG_LEVEL': value '2' doesn't match value '0' in Animations.obj
sfml-window-s-d.lib(WglContext.cpp.obj) : error LNK2038: mismatch detected for 'RuntimeLibrary': value 'MDd_DynamicDebug' doesn't match value 'MD_DynamicRelease' in Animations.obj
sfml-window-s-d.lib(JoystickManager.cpp.obj) : error LNK2038: mismatch detected for '_ITERATOR_DEBUG_LEVEL': value '2' doesn't match value '0' in Animations.obj
sfml-window-s-d.lib(JoystickManager.cpp.obj) : error LNK2038: mismatch detected for 'RuntimeLibrary': value 'MDd_DynamicDebug' doesn't match value 'MD_DynamicRelease' in Animations.obj
sfml-window-s-d.lib(SensorManager.cpp.obj) : error LNK2038: mismatch detected for '_ITERATOR_DEBUG_LEVEL': value '2' doesn't match value '0' in Animations.obj
sfml-window-s-d.lib(SensorManager.cpp.obj) : error LNK2038: mismatch detected for 'RuntimeLibrary': value 'MDd_DynamicDebug' doesn't match value 'MD_DynamicRelease' in Animations.obj
sfml-window-s-d.lib(WindowImplWin32.cpp.obj) : error LNK2038: mismatch detected for '_ITERATOR_DEBUG_LEVEL': value '2' doesn't match value '0' in Animations.obj
sfml-window-s-d.lib(WindowImplWin32.cpp.obj) : error LNK2038: mismatch detected for 'RuntimeLibrary': value 'MDd_DynamicDebug' doesn't match value 'MD_DynamicRelease' in Animations.obj
sfml-window-s-d.lib(WglExtensions.cpp.obj) : error LNK2038: mismatch detected for '_ITERATOR_DEBUG_LEVEL': value '2' doesn't match value '0' in Animations.obj
sfml-window-s-d.lib(WglExtensions.cpp.obj) : error LNK2038: mismatch detected for 'RuntimeLibrary': value 'MDd_DynamicDebug' doesn't match value 'MD_DynamicRelease' in Animations.obj
sfml-window-s-d.lib(Joystick.cpp.obj) : error LNK2038: mismatch detected for '_ITERATOR_DEBUG_LEVEL': value '2' doesn't match value '0' in Animations.obj
sfml-window-s-d.lib(Joystick.cpp.obj) : error LNK2038: mismatch detected for 'RuntimeLibrary': value 'MDd_DynamicDebug' doesn't match value 'MD_DynamicRelease' in Animations.obj
sfml-window-s-d.lib(JoystickImpl.cpp.obj) : error LNK2038: mismatch detected for '_ITERATOR_DEBUG_LEVEL': value '2' doesn't match value '0' in Animations.obj
sfml-window-s-d.lib(JoystickImpl.cpp.obj) : error LNK2038: mismatch detected for 'RuntimeLibrary': value 'MDd_DynamicDebug' doesn't match value 'MD_DynamicRelease' in Animations.obj
sfml-system-s-d.lib(String.cpp.obj) : error LNK2038: mismatch detected for '_ITERATOR_DEBUG_LEVEL': value '2' doesn't match value '0' in Animations.obj
sfml-system-s-d.lib(String.cpp.obj) : error LNK2038: mismatch detected for 'RuntimeLibrary': value 'MDd_DynamicDebug' doesn't match value 'MD_DynamicRelease' in Animations.obj
sfml-system-s-d.lib(Err.cpp.obj) : error LNK2038: mismatch detected for '_ITERATOR_DEBUG_LEVEL': value '2' doesn't match value '0' in Animations.obj
sfml-system-s-d.lib(Err.cpp.obj) : error LNK2038: mismatch detected for 'RuntimeLibrary': value 'MDd_DynamicDebug' doesn't match value 'MD_DynamicRelease' in Animations.obj
LINK : warning LNK4098: defaultlib 'MSVCRTD' conflicts with use of other libs; use /NODEFAULTLIB:library
sfml-window-s-d.lib(WindowImplWin32.cpp.obj) : error LNK2001: unresolved external symbol __imp__invalid_parameter
sfml-window-s-d.lib(WglExtensions.cpp.obj) : error LNK2001: unresolved external symbol __imp__invalid_parameter
sfml-window-s-d.lib(JoystickImpl.cpp.obj) : error LNK2001: unresolved external symbol __imp__invalid_parameter
sfml-system-s-d.lib(String.cpp.obj) : error LNK2001: unresolved external symbol __imp__invalid_parameter
sfml-window-s-d.lib(WindowImpl.cpp.obj) : error LNK2001: unresolved external symbol __imp__invalid_parameter
sfml-window-s-d.lib(VideoModeImpl.cpp.obj) : error LNK2001: unresolved external symbol __imp__invalid_parameter
sfml-window-s-d.lib(WglContext.cpp.obj) : error LNK2001: unresolved external symbol __imp__invalid_parameter
sfml-window-s-d.lib(JoystickManager.cpp.obj) : error LNK2001: unresolved external symbol __imp__invalid_parameter
sfml-graphics-s-d.lib(Glsl.cpp.obj) : error LNK2001: unresolved external symbol __imp__invalid_parameter
sfml-window-s-d.lib(Window.cpp.obj) : error LNK2001: unresolved external symbol __imp__invalid_parameter
sfml-window-s-d.lib(VideoMode.cpp.obj) : error LNK2001: unresolved external symbol __imp__invalid_parameter
sfml-window-s-d.lib(GlContext.cpp.obj) : error LNK2001: unresolved external symbol __imp__invalid_parameter
sfml-graphics-s-d.lib(GLCheck.cpp.obj) : error LNK2001: unresolved external symbol __imp__invalid_parameter
sfml-graphics-s-d.lib(RenderTextureImplFBO.cpp.obj) : error LNK2001: unresolved external symbol __imp__invalid_parameter
sfml-graphics-s-d.lib(Shader.cpp.obj) : error LNK2001: unresolved external symbol __imp__invalid_parameter
sfml-graphics-s-d.lib(ImageLoader.cpp.obj) : error LNK2001: unresolved external symbol __imp__invalid_parameter
sfml-graphics-s-d.lib(Texture.cpp.obj) : error LNK2001: unresolved external symbol __imp__invalid_parameter
sfml-graphics-s-d.lib(RenderTarget.cpp.obj) : error LNK2001: unresolved external symbol __imp__invalid_parameter
sfml-graphics-s-d.lib(Color.cpp.obj) : error LNK2001: unresolved external symbol __imp__invalid_parameter
sfml-graphics-s-d.lib(Image.cpp.obj) : error LNK2001: unresolved external symbol __imp__invalid_parameter
sfml-window-s-d.lib(Joystick.cpp.obj) : error LNK2001: unresolved external symbol __imp__calloc_dbg
sfml-window-s-d.lib(JoystickImpl.cpp.obj) : error LNK2001: unresolved external symbol __imp__calloc_dbg
sfml-system-s-d.lib(String.cpp.obj) : error LNK2001: unresolved external symbol __imp__calloc_dbg
sfml-window-s-d.lib(WindowImpl.cpp.obj) : error LNK2001: unresolved external symbol __imp__calloc_dbg
sfml-window-s-d.lib(WglContext.cpp.obj) : error LNK2001: unresolved external symbol __imp__calloc_dbg
sfml-window-s-d.lib(JoystickManager.cpp.obj) : error LNK2001: unresolved external symbol __imp__calloc_dbg
sfml-window-s-d.lib(WindowImplWin32.cpp.obj) : error LNK2001: unresolved external symbol __imp__calloc_dbg
sfml-graphics-s-d.lib(Texture.cpp.obj) : error LNK2001: unresolved external symbol __imp__calloc_dbg
sfml-graphics-s-d.lib(RenderWindow.cpp.obj) : error LNK2001: unresolved external symbol __imp__calloc_dbg
sfml-window-s-d.lib(Window.cpp.obj) : error LNK2001: unresolved external symbol __imp__calloc_dbg
sfml-window-s-d.lib(InputImpl.cpp.obj) : error LNK2001: unresolved external symbol __imp__calloc_dbg
sfml-window-s-d.lib(WindowImplWin32.cpp.obj) : error LNK2001: unresolved external symbol __imp__CrtDbgReport
sfml-window-s-d.lib(WglExtensions.cpp.obj) : error LNK2001: unresolved external symbol __imp__CrtDbgReport
sfml-window-s-d.lib(JoystickImpl.cpp.obj) : error LNK2001: unresolved external symbol __imp__CrtDbgReport
sfml-system-s-d.lib(String.cpp.obj) : error LNK2001: unresolved external symbol __imp__CrtDbgReport
sfml-window-s-d.lib(WindowImpl.cpp.obj) : error LNK2001: unresolved external symbol __imp__CrtDbgReport
sfml-window-s-d.lib(VideoModeImpl.cpp.obj) : error LNK2001: unresolved external symbol __imp__CrtDbgReport
sfml-window-s-d.lib(WglContext.cpp.obj) : error LNK2001: unresolved external symbol __imp__CrtDbgReport
sfml-window-s-d.lib(JoystickManager.cpp.obj) : error LNK2001: unresolved external symbol __imp__CrtDbgReport
sfml-graphics-s-d.lib(Glsl.cpp.obj) : error LNK2001: unresolved external symbol __imp__CrtDbgReport
sfml-window-s-d.lib(Window.cpp.obj) : error LNK2001: unresolved external symbol __imp__CrtDbgReport
sfml-window-s-d.lib(VideoMode.cpp.obj) : error LNK2001: unresolved external symbol __imp__CrtDbgReport
sfml-window-s-d.lib(GlContext.cpp.obj) : error LNK2001: unresolved external symbol __imp__CrtDbgReport
sfml-graphics-s-d.lib(GLCheck.cpp.obj) : error LNK2001: unresolved external symbol __imp__CrtDbgReport
sfml-graphics-s-d.lib(RenderTextureImplFBO.cpp.obj) : error LNK2001: unresolved external symbol __imp__CrtDbgReport
sfml-graphics-s-d.lib(Shader.cpp.obj) : error LNK2001: unresolved external symbol __imp__CrtDbgReport
sfml-graphics-s-d.lib(ImageLoader.cpp.obj) : error LNK2001: unresolved external symbol __imp__CrtDbgReport
sfml-graphics-s-d.lib(Texture.cpp.obj) : error LNK2001: unresolved external symbol __imp__CrtDbgReport
sfml-graphics-s-d.lib(RenderTarget.cpp.obj) : error LNK2001: unresolved external symbol __imp__CrtDbgReport
sfml-graphics-s-d.lib(Color.cpp.obj) : error LNK2001: unresolved external symbol __imp__CrtDbgReport
sfml-graphics-s-d.lib(Image.cpp.obj) : error LNK2001: unresolved external symbol __imp__CrtDbgReport
C:\Users\Admin\Desktop\Games-Repo\Games\SFMLgame\x64\Release\SFMLgame.exe : fatal error LNK1120: 3 unresolved externals
